<?xml version="1.0" encoding="UTF-8" ?>
<testsuite tests="9" failures="0" name="org.test.api.EndpointTest" time="11.956" errors="0" skipped="0">
  <properties>
    <property name="java.runtime.name" value="Java(TM) SE Runtime Environment"/>
    <property name="java.vm.version" value="17.0.6+9-LTS-190"/>
    <property name="sun.boot.library.path" value="C:\Program Files\Java\jdk-17\bin"/>
    <property name="maven.multiModuleProjectDirectory" value="C:\Users\33695\.jenkins\workspace\ISTQB_API"/>
    <property name="java.vm.vendor" value="Oracle Corporation"/>
    <property name="java.vendor.url" value="https://java.oracle.com/"/>
    <property name="guice.disable.misplaced.annotation.check" value="true"/>
    <property name="path.separator" value=";"/>
    <property name="java.vm.name" value="Java HotSpot(TM) 64-Bit Server VM"/>
    <property name="sun.os.patch.level" value=""/>
    <property name="user.script" value=""/>
    <property name="user.country" value="FR"/>
    <property name="sun.java.launcher" value="SUN_STANDARD"/>
    <property name="java.vm.specification.name" value="Java Virtual Machine Specification"/>
    <property name="user.dir" value="C:\Users\33695\.jenkins\workspace\ISTQB_API"/>
    <property name="java.vm.compressedOopsMode" value="32-bit"/>
    <property name="java.runtime.version" value="17.0.6+9-LTS-190"/>
    <property name="os.arch" value="amd64"/>
    <property name="java.io.tmpdir" value="C:\Users\33695\AppData\Local\Temp\"/>
    <property name="line.separator" value="
"/>
    <property name="java.vm.specification.vendor" value="Oracle Corporation"/>
    <property name="user.variant" value=""/>
    <property name="os.name" value="Windows 10"/>
    <property name="classworlds.conf" value="C:\Users\33695\Desktop\dev\apache-maven-3.8.6\bin\m2.conf"/>
    <property name="sun.jnu.encoding" value="Cp1252"/>
    <property name="java.library.path" value="C:\Program Files\Java\jdk-17\bin;C:\Windows\Sun\Java\bin;C:\Windows\system32;C:\Windows;C:\Program Files\Java\jdk-17\bin;C:\Program Files\Python311\Scripts\;C:\Program Files\Python311\;C:\Python310\Scripts\;C:\Python310\;C:\Windows\system32;C:\Windows;C:\Windows\System32\Wbem;C:\Windows\System32\WindowsPowerShell\v1.0\;C:\Windows\System32\OpenSSH\;C:\Program Files\Git\cmd;C:\Program Files\nodejs\;C:\ProgramData\chocolatey\bin;C:\wamp64\bin\php\php8.1.0;C:\ProgramData\ComposerSetup\bin;C:\Program Files\Docker\Docker\resources\bin;C:\Users\33695\Desktop\dev\apache-maven-3.8.6\bin;C:\Program Files\dotnet\;C:\Users\33695\scoop\shims;C:\Users\33695\AppData\Local\Microsoft\WindowsApps;;C:\Program Files\JetBrains\WebStorm 2021.3.2\bin;;C:\Users\33695\AppData\Roaming\npm;C:\Users\33695\AppData\Roaming\Composer\vendor\bin;C:\Program Files\JetBrains\PyCharm 2022.3.1\bin;;C:\Users\33695\.dotnet\tools;."/>
    <property name="maven.conf" value="C:\Users\33695\Desktop\dev\apache-maven-3.8.6/conf"/>
    <property name="jdk.debug" value="release"/>
    <property name="java.class.version" value="61.0"/>
    <property name="java.specification.name" value="Java Platform API Specification"/>
    <property name="sun.management.compiler" value="HotSpot 64-Bit Tiered Compilers"/>
    <property name="os.version" value="10.0"/>
    <property name="library.jansi.path" value="C:\Users\33695\Desktop\dev\apache-maven-3.8.6\lib\jansi-native"/>
    <property name="user.home" value="C:\Users\33695"/>
    <property name="user.timezone" value="Europe/Paris"/>
    <property name="file.encoding" value="Cp1252"/>
    <property name="java.specification.version" value="17"/>
    <property name="user.name" value="33695"/>
    <property name="java.class.path" value="C:\Users\33695\Desktop\dev\apache-maven-3.8.6\boot\plexus-classworlds-2.6.0.jar"/>
    <property name="java.vm.specification.version" value="17"/>
    <property name="sun.arch.data.model" value="64"/>
    <property name="sun.java.command" value="org.codehaus.plexus.classworlds.launcher.Launcher test"/>
    <property name="java.home" value="C:\Program Files\Java\jdk-17"/>
    <property name="user.language" value="fr"/>
    <property name="java.specification.vendor" value="Oracle Corporation"/>
    <property name="java.vm.info" value="mixed mode, sharing"/>
    <property name="java.version" value="17.0.6"/>
    <property name="native.encoding" value="Cp1252"/>
    <property name="java.vendor" value="Oracle Corporation"/>
    <property name="sun.stderr.encoding" value="cp850"/>
    <property name="maven.home" value="C:\Users\33695\Desktop\dev\apache-maven-3.8.6"/>
    <property name="file.separator" value="\"/>
    <property name="java.version.date" value="2023-01-17"/>
    <property name="java.vendor.url.bug" value="https://bugreport.java.com/bugreport/"/>
    <property name="sun.io.unicode.encoding" value="UnicodeLittle"/>
    <property name="sun.cpu.endian" value="little"/>
    <property name="sun.stdout.encoding" value="cp850"/>
    <property name="sun.cpu.isalist" value="amd64"/>
  </properties>
  <testcase classname="org.test.api.EndpointTest" name="TestGetMyEntitiesEndpoint_Should_return200" time="1.256"/>
  <testcase classname="org.test.api.EndpointTest" name="TestGetMassiveActionsEndpoint_Should_return200" time="1.54"/>
  <testcase classname="org.test.api.EndpointTest" name="TestUpdateItemEndpoint_Should_return200" time="3.408"/>
  <testcase classname="org.test.api.EndpointTest" name="TestGetMyProfilesEndpoint_Should_return200" time="0.893"/>
  <testcase classname="org.test.api.EndpointTest" name="TestActiveEntitiesEndpoint_Should_return200" time="0.819"/>
  <testcase classname="org.test.api.EndpointTest" name="TestGlpiConfigEndpoint_Should_return200" time="0.766"/>
  <testcase classname="org.test.api.EndpointTest" name="TestFullSessionEndpoint_Should_return200" time="1"/>
  <testcase classname="org.test.api.EndpointTest" name="TestKillSessionEndpoint_Should_return200" time="1.175"/>
  <testcase classname="org.test.api.EndpointTest" name="TestInitSessionEndpoint_Should_restrieveSessionToken" time="1.099"/>
</testsuite>